2025-04-15 11:05:53 - Logging is working.
2025-04-15 11:05:53 - button_pressedFalse
2025-04-15 11:05:53 - entering tab1
2025-04-15 11:05:56 - Logging is working.
2025-04-15 11:05:56 - button_pressedFalse
2025-04-15 11:05:56 - entering tab1
2025-04-15 11:05:58 - Logging is working.
2025-04-15 11:05:58 - button_pressedFalse
2025-04-15 11:05:58 - entering tab1
2025-04-15 11:05:58 - connection succesfull
2025-04-15 11:05:58 - Logging is working.
2025-04-15 11:05:58 - button_pressedFalse
2025-04-15 11:05:58 - True
2025-04-15 11:06:02 - Logging is working.
2025-04-15 11:06:02 - button_pressedFalse
2025-04-15 11:06:02 - True
2025-04-15 11:06:23 - Logging is working.
2025-04-15 11:06:23 - button_pressedFalse
2025-04-15 11:06:23 - True
2025-04-15 11:06:25 - Logging is working.
2025-04-15 11:06:25 - button_pressedFalse
2025-04-15 11:06:25 - entering tab1
2025-04-15 11:06:27 - Logging is working.
2025-04-15 11:06:27 - button_pressedFalse
2025-04-15 11:06:27 - entering tab1
2025-04-15 11:06:29 - Logging is working.
2025-04-15 11:06:29 - button_pressedFalse
2025-04-15 11:06:29 - entering tab1
2025-04-15 11:06:29 - connection succesfull
2025-04-15 11:06:29 - Logging is working.
2025-04-15 11:06:29 - button_pressedFalse
2025-04-15 11:06:29 - True
2025-04-15 11:06:49 - Logging is working.
2025-04-15 11:06:49 - button_pressedFalse
2025-04-15 11:06:49 - entering tab1
2025-04-15 11:06:51 - Logging is working.
2025-04-15 11:06:51 - button_pressedFalse
2025-04-15 11:06:51 - entering tab1
2025-04-15 11:06:52 - Logging is working.
2025-04-15 11:06:52 - button_pressedFalse
2025-04-15 11:06:52 - entering tab1
2025-04-15 11:06:52 - connection succesfull
2025-04-15 11:06:52 - Logging is working.
2025-04-15 11:06:52 - button_pressedFalse
2025-04-15 11:06:52 - True
2025-04-15 11:07:47 - Logging is working.
2025-04-15 11:07:47 - button_pressedFalse
2025-04-15 11:07:47 - entering tab1
2025-04-15 11:07:52 - Logging is working.
2025-04-15 11:07:52 - button_pressedFalse
2025-04-15 11:07:52 - entering tab1
2025-04-15 11:07:56 - Logging is working.
2025-04-15 11:07:56 - button_pressedFalse
2025-04-15 11:07:56 - entering tab1
2025-04-15 11:07:56 - connection succesfull
2025-04-15 11:07:56 - Logging is working.
2025-04-15 11:07:56 - button_pressedFalse
2025-04-15 11:07:56 - True
2025-04-15 11:07:58 - Logging is working.
2025-04-15 11:07:58 - button_pressedFalse
2025-04-15 11:07:58 - True
2025-04-15 11:10:34 - Logging is working.
2025-04-15 11:10:34 - button_pressedFalse
2025-04-15 11:10:34 - entering tab1
2025-04-15 11:10:36 - Logging is working.
2025-04-15 11:10:36 - button_pressedFalse
2025-04-15 11:10:36 - entering tab1
2025-04-15 11:10:39 - Logging is working.
2025-04-15 11:10:39 - button_pressedFalse
2025-04-15 11:10:39 - entering tab1
2025-04-15 11:10:39 - connection succesfull
2025-04-15 11:10:39 - Logging is working.
2025-04-15 11:10:39 - button_pressedFalse
2025-04-15 11:10:39 - True
2025-04-15 11:10:40 - Logging is working.
2025-04-15 11:10:40 - button_pressedFalse
2025-04-15 11:10:40 - True
2025-04-15 11:10:42 - Logging is working.
2025-04-15 11:10:42 - button_pressedFalse
2025-04-15 11:10:42 - True
2025-04-15 11:11:55 - Logging is working.
2025-04-15 11:11:55 - button_pressedFalse
2025-04-15 11:11:55 - entering tab1
2025-04-15 11:11:58 - Logging is working.
2025-04-15 11:11:58 - button_pressedFalse
2025-04-15 11:11:58 - entering tab1
2025-04-15 11:12:00 - Logging is working.
2025-04-15 11:12:00 - button_pressedFalse
2025-04-15 11:12:00 - entering tab1
2025-04-15 11:12:00 - connection succesfull
2025-04-15 11:12:00 - Logging is working.
2025-04-15 11:12:00 - button_pressedFalse
2025-04-15 11:12:00 - True
2025-04-15 11:12:02 - Logging is working.
2025-04-15 11:12:02 - button_pressedFalse
2025-04-15 11:12:02 - True
2025-04-15 11:12:03 - Logging is working.
2025-04-15 11:12:03 - button_pressedFalse
2025-04-15 11:12:03 - True
2025-04-15 11:12:03 - Logging is working.
2025-04-15 11:12:03 - button_pressedFalse
2025-04-15 11:12:03 - entering tab1
2025-04-15 11:12:06 - Logging is working.
2025-04-15 11:12:06 - button_pressedFalse
2025-04-15 11:12:06 - entering tab1
2025-04-15 11:12:07 - Logging is working.
2025-04-15 11:12:07 - button_pressedFalse
2025-04-15 11:12:07 - entering tab1
2025-04-15 11:17:04 - Logging is working.
2025-04-15 11:17:04 - button_pressedFalse
2025-04-15 11:17:04 - entering tab1
2025-04-15 11:17:06 - Logging is working.
2025-04-15 11:17:06 - button_pressedFalse
2025-04-15 11:17:06 - entering tab1
2025-04-15 11:17:09 - Logging is working.
2025-04-15 11:17:09 - button_pressedFalse
2025-04-15 11:17:09 - entering tab1
2025-04-15 11:17:09 - connection succesfull
2025-04-15 11:17:09 - Logging is working.
2025-04-15 11:17:09 - button_pressedFalse
2025-04-15 11:17:09 - True
2025-04-15 11:17:59 - Logging is working.
2025-04-15 11:17:59 - button_pressedFalse
2025-04-15 11:17:59 - entering tab1
2025-04-15 11:18:19 - Logging is working.
2025-04-15 11:18:19 - button_pressedFalse
2025-04-15 11:18:19 - entering tab1
2025-04-15 11:18:24 - Logging is working.
2025-04-15 11:18:24 - button_pressedFalse
2025-04-15 11:18:24 - entering tab1
2025-04-15 11:18:24 - connection succesfull
2025-04-15 11:18:24 - Logging is working.
2025-04-15 11:18:24 - button_pressedFalse
2025-04-15 11:18:24 - True
2025-04-15 11:18:27 - Logging is working.
2025-04-15 11:18:27 - button_pressedFalse
2025-04-15 11:18:27 - True
2025-04-15 11:18:29 - Logging is working.
2025-04-15 11:18:29 - button_pressedFalse
2025-04-15 11:18:29 - True
2025-04-15 11:31:48 - Logging is working.
2025-04-15 11:31:48 - button_pressedFalse
2025-04-15 11:31:48 - entering tab1
2025-04-15 11:31:51 - Logging is working.
2025-04-15 11:31:51 - button_pressedFalse
2025-04-15 11:31:51 - entering tab1
2025-04-15 11:31:53 - Logging is working.
2025-04-15 11:31:53 - button_pressedFalse
2025-04-15 11:31:53 - entering tab1
2025-04-15 11:31:57 - Logging is working.
2025-04-15 11:31:57 - button_pressedFalse
2025-04-15 11:31:57 - entering tab1
2025-04-15 11:31:57 - mail already exist
2025-04-15 11:32:09 - Logging is working.
2025-04-15 11:32:09 - button_pressedFalse
2025-04-15 11:32:09 - entering tab1
2025-04-15 11:32:09 - mail already exist
2025-04-15 11:32:13 - Logging is working.
2025-04-15 11:32:13 - button_pressedFalse
2025-04-15 11:32:13 - entering tab1
2025-04-15 11:32:18 - Logging is working.
2025-04-15 11:32:18 - button_pressedFalse
2025-04-15 11:32:18 - entering tab1
2025-04-15 11:32:18 - connection succesfull
2025-04-15 11:32:18 - Logging is working.
2025-04-15 11:32:18 - button_pressedFalse
2025-04-15 11:32:18 - True
2025-04-15 11:32:20 - Logging is working.
2025-04-15 11:32:20 - button_pressedFalse
2025-04-15 11:32:20 - True
2025-04-15 11:32:22 - Logging is working.
2025-04-15 11:32:22 - button_pressedFalse
2025-04-15 11:32:22 - True
2025-04-15 11:32:22 - Logging is working.
2025-04-15 11:32:22 - button_pressedFalse
2025-04-15 11:32:22 - entering tab1
2025-04-15 11:32:25 - Logging is working.
2025-04-15 11:32:25 - button_pressedFalse
2025-04-15 11:32:25 - entering tab1
2025-04-15 11:32:27 - Logging is working.
2025-04-15 11:32:27 - button_pressedFalse
2025-04-15 11:32:27 - entering tab1
2025-04-15 11:32:27 - connection succesfull
2025-04-15 11:32:27 - Logging is working.
2025-04-15 11:32:27 - button_pressedFalse
2025-04-15 11:32:27 - True
2025-04-15 11:32:28 - Logging is working.
2025-04-15 11:32:28 - button_pressedFalse
2025-04-15 11:32:28 - True
2025-04-15 11:32:28 - Logging is working.
2025-04-15 11:32:28 - button_pressedFalse
2025-04-15 11:32:28 - entering tab1
